[debug] [2021-05-03T08:20:48.651Z] ----------------------------------------------------------------------
[debug] [2021-05-03T08:20:48.655Z] Command:       C:\Program Files\nodejs\node.exe C:\Users\Abdul\AppData\Roaming\npm\node_modules\firebase-tools\lib\bin\firebase.js init
[debug] [2021-05-03T08:20:48.655Z] CLI Version:   8.4.2
[debug] [2021-05-03T08:20:48.656Z] Platform:      win32
[debug] [2021-05-03T08:20:48.656Z] Node Version:  v12.13.0
[debug] [2021-05-03T08:20:48.657Z] Time:          Mon May 03 2021 01:20:48 GMT-0700 (Pacific Daylight Time)
[debug] [2021-05-03T08:20:48.658Z] ----------------------------------------------------------------------
[debug] [2021-05-03T08:20:48.658Z] 
[debug] [2021-05-03T08:20:48.671Z] > command requires scopes: ["email","openid","https://www.googleapis.com/auth/cloudplatformprojects.readonly","https://www.googleapis.com/auth/firebase","https://www.googleapis.com/auth/cloud-platform"]
[debug] [2021-05-03T08:20:48.672Z] > authorizing via signed-in user
[info] 
     ######## #### ########  ######## ########     ###     ######  ########
     ##        ##  ##     ## ##       ##     ##  ##   ##  ##       ##
     ######    ##  ########  ######   ########  #########  ######  ######
     ##        ##  ##    ##  ##       ##     ## ##     ##       ## ##
     ##       #### ##     ## ######## ########  ##     ##  ######  ########

You're about to initialize a Firebase project in this directory:

  C:\Users\Abdul\Desktop\REACT\disney-plus

[info] 
=== Project Setup
[info] 
[info] First, let's associate this project directory with a Firebase project.
[info] You can create multiple project aliases by running firebase use --add, 
[info] but for now we'll just set up a default project.
[info] 
[info] i  If you want to create a project in a Google Cloud organization or folder, please use "firebase projects:create" instead, and return to this command when you've created the project. 
